2026-01-28 01:49:05,162 - INFO - ======================================================================
2026-01-28 01:49:05,163 - INFO - Starting Smoobu to The Keys synchronization - LIVE MODE
2026-01-28 01:49:05,163 - INFO - ======================================================================
2026-01-28 01:49:05,469 - INFO - [OK] Logged in to The Keys API
2026-01-28 01:49:08,720 - INFO -   Retrieved page 0: 29 bookings (29 new, total: 29)
2026-01-28 01:49:08,721 - INFO -   Retrieved all 29 bookings, stopping
2026-01-28 01:49:08,721 - INFO - Found 29 bookings from Smoobu
2026-01-28 01:49:08,958 - INFO - Code 684348 for Volodymyr Kesman is already up to date (skipped)
2026-01-28 01:49:09,190 - INFO - Code 684349 for Malwina Kamińska is already up to date (skipped)
2026-01-28 01:49:09,453 - INFO - Code 684138 for Iwona Szadyko is already up to date (skipped)
2026-01-28 01:49:09,677 - INFO - Code 684350 for Paweł Olechowski is already up to date (skipped)
2026-01-28 01:49:09,917 - INFO - Code 684351 for Vasyl Samokhin is already up to date (skipped)
2026-01-28 01:49:10,154 - INFO - Code 684352 for Denys Niiachenko is already up to date (skipped)
2026-01-28 01:49:10,428 - INFO - Code 684353 for Яна Лунгул is already up to date (skipped)
2026-01-28 01:49:10,690 - INFO - Code 684424 for Izotov Sergiy is already up to date (skipped)
2026-01-28 01:49:10,996 - INFO - Code 684355 for Ievgen Babaian is already up to date (skipped)
2026-01-28 01:49:11,228 - INFO - Code 684354 for Oleh Orlov is already up to date (skipped)
2026-01-28 01:49:11,444 - INFO - Code 684153 for Lara Leitow is already up to date (skipped)
2026-01-28 01:49:11,680 - INFO - Code 684421 for Łukasz Troszczyński is already up to date (skipped)
2026-01-28 01:49:11,940 - INFO - Code 684379 for Bartosz Lipertowicz is already up to date (skipped)
2026-01-28 01:49:12,179 - INFO - Code 684202 for Amrei Schulz is already up to date (skipped)
2026-01-28 01:49:12,426 - INFO - Code 683710 for Prestynska Iryna is already up to date (skipped)
2026-01-28 01:49:12,672 - INFO - Code 684415 for Hanna Barkovska is already up to date (skipped)
2026-01-28 01:49:12,906 - INFO - Code 684165 for Zuzanna Kuca is already up to date (skipped)
2026-01-28 01:49:13,146 - INFO - Code 684118 for Sylwia Lesiuk is already up to date (skipped)
2026-01-28 01:49:13,381 - INFO - Code 684357 for Katarzyna Ludwicka is already up to date (skipped)
2026-01-28 01:49:13,613 - INFO - Code 684381 for Ewa Mrowiec is already up to date (skipped)
2026-01-28 01:49:13,889 - INFO - Code 684359 for Weronika Stabrawa-Wolak is already up to date (skipped)
2026-01-28 01:49:14,133 - INFO - Code 684358 for Irena Dołyk is already up to date (skipped)
2026-01-28 01:49:14,444 - INFO - Code 684423 for Adrian Gatzschmann is already up to date (skipped)
2026-01-28 01:49:14,667 - INFO - Code 684425 for Paulina Bendyk is already up to date (skipped)
2026-01-28 01:49:14,915 - INFO - Code 684360 for Anna Dedowets is already up to date (skipped)
2026-01-28 01:49:15,145 - INFO - Code 684361 for Katarzyna Sudaj is already up to date (skipped)
2026-01-28 01:49:15,389 - INFO - Code 684362 for Natalia Raszkiewicz is already up to date (skipped)
2026-01-28 01:49:15,638 - INFO - Code 684363 for Max Gerte is already up to date (skipped)
2026-01-28 01:49:15,872 - INFO - Code 684422 for Marlena Biernacka is already up to date (skipped)
2026-01-28 01:49:15,872 - INFO - [OK] Synced 29/29 bookings
2026-01-28 01:49:16,113 - INFO - Deleting code for cancelled booking 124866426 (Viktor Vitkovskyi)
2026-01-28 01:49:16,537 - INFO - [OK] Deleted code 684345 (cancelled)
2026-01-28 01:49:16,757 - INFO - Deleting code for cancelled booking 125571461 (Oleksii Kainov)
2026-01-28 01:49:17,003 - INFO - [OK] Deleted code 684380 (cancelled)
2026-01-28 01:49:17,247 - INFO - Deleting code for cancelled booking 125272351 (Kostiantyn Ulier)
2026-01-28 01:49:18,627 - INFO - [OK] Deleted code 684346 (cancelled)
2026-01-28 01:49:18,861 - INFO - Deleting code for cancelled booking 124154841 (Bogdan Matvieiev)
2026-01-28 01:49:19,138 - INFO - [OK] Deleted code 684347 (cancelled)
2026-01-28 01:49:19,138 - INFO - Cleaned up 4 cancelled bookings
2026-01-28 01:49:20,100 - INFO - ======================================================================
2026-01-28 01:49:20,100 - INFO - Synchronization complete!
2026-01-28 01:49:20,100 - INFO - ======================================================================
2026-01-28 01:51:04,288 - INFO - ======================================================================
2026-01-28 01:51:04,289 - INFO - Starting Smoobu to The Keys synchronization - LIVE MODE
2026-01-28 01:51:04,289 - INFO - ======================================================================
2026-01-28 01:51:04,532 - INFO - [OK] Logged in to The Keys API
2026-01-28 01:51:05,027 - INFO -   Retrieved page 0: 29 bookings (29 new, total: 29)
2026-01-28 01:51:05,027 - INFO -   Retrieved all 29 bookings, stopping
2026-01-28 01:51:05,027 - INFO - Found 29 bookings from Smoobu
2026-01-28 01:51:05,319 - INFO - Code 684348 for Volodymyr Kesman is already up to date (skipped)
2026-01-28 01:51:05,608 - INFO - Code 684349 for Malwina Kamińska is already up to date (skipped)
2026-01-28 01:51:05,899 - INFO - Code 684138 for Iwona Szadyko is already up to date (skipped)
2026-01-28 01:51:06,160 - INFO - Code 684350 for Paweł Olechowski is already up to date (skipped)
2026-01-28 01:51:06,397 - INFO - Code 684351 for Vasyl Samokhin is already up to date (skipped)
2026-01-28 01:51:06,657 - INFO - Code 684352 for Denys Niiachenko is already up to date (skipped)
2026-01-28 01:51:06,914 - INFO - Code 684353 for Яна Лунгул is already up to date (skipped)
2026-01-28 01:51:07,189 - INFO - Code 684424 for Izotov Sergiy is already up to date (skipped)
2026-01-28 01:51:07,432 - INFO - Code 684355 for Ievgen Babaian is already up to date (skipped)
2026-01-28 01:51:07,679 - INFO - Code 684354 for Oleh Orlov is already up to date (skipped)
2026-01-28 01:51:07,931 - INFO - Code 684153 for Lara Leitow is already up to date (skipped)
2026-01-28 01:51:08,192 - INFO - Code 684421 for Łukasz Troszczyński is already up to date (skipped)
2026-01-28 01:51:08,419 - INFO - Code 684379 for Bartosz Lipertowicz is already up to date (skipped)
2026-01-28 01:51:08,652 - INFO - Code 684202 for Amrei Schulz is already up to date (skipped)
2026-01-28 01:51:08,897 - INFO - Code 683710 for Prestynska Iryna is already up to date (skipped)
2026-01-28 01:51:09,134 - INFO - Code 684415 for Hanna Barkovska is already up to date (skipped)
2026-01-28 01:51:09,386 - INFO - Code 684165 for Zuzanna Kuca is already up to date (skipped)
2026-01-28 01:51:09,622 - INFO - Code 684118 for Sylwia Lesiuk is already up to date (skipped)
2026-01-28 01:51:09,853 - INFO - Code 684357 for Katarzyna Ludwicka is already up to date (skipped)
2026-01-28 01:51:10,132 - INFO - Code 684381 for Ewa Mrowiec is already up to date (skipped)
2026-01-28 01:51:10,442 - INFO - Code 684359 for Weronika Stabrawa-Wolak is already up to date (skipped)
2026-01-28 01:51:10,726 - INFO - Code 684358 for Irena Dołyk is already up to date (skipped)
2026-01-28 01:51:10,963 - INFO - Code 684423 for Adrian Gatzschmann is already up to date (skipped)
2026-01-28 01:51:11,219 - INFO - Code 684425 for Paulina Bendyk is already up to date (skipped)
2026-01-28 01:51:11,468 - INFO - Code 684360 for Anna Dedowets is already up to date (skipped)
2026-01-28 01:51:11,715 - INFO - Code 684361 for Katarzyna Sudaj is already up to date (skipped)
2026-01-28 01:51:11,971 - INFO - Code 684362 for Natalia Raszkiewicz is already up to date (skipped)
2026-01-28 01:51:12,239 - INFO - Code 684363 for Max Gerte is already up to date (skipped)
2026-01-28 01:51:12,491 - INFO - Code 684422 for Marlena Biernacka is already up to date (skipped)
2026-01-28 01:51:12,492 - INFO - [OK] Synced 29/29 bookings
2026-01-28 01:51:14,344 - INFO - ======================================================================
2026-01-28 01:51:14,344 - INFO - Synchronization complete!
2026-01-28 01:51:14,344 - INFO - ======================================================================
2026-01-28 01:53:58,334 - INFO - ======================================================================
2026-01-28 01:53:58,334 - INFO - Starting Smoobu to The Keys synchronization - LIVE MODE
2026-01-28 01:53:58,334 - INFO - ======================================================================
2026-01-28 01:53:58,548 - INFO - [OK] Logged in to The Keys API
2026-01-28 01:53:59,090 - INFO -   Retrieved page 0: 29 bookings (29 new, total: 29)
2026-01-28 01:53:59,090 - INFO -   Retrieved all 29 bookings, stopping
2026-01-28 01:53:59,091 - INFO - Found 29 bookings from Smoobu
2026-01-28 01:53:59,356 - INFO - Code 684348 for Volodymyr Kesman is already up to date (skipped)
2026-01-28 01:53:59,592 - INFO - Code 684349 for Malwina Kamińska is already up to date (skipped)
2026-01-28 01:53:59,820 - INFO - Code 684138 for Iwona Szadyko is already up to date (skipped)
2026-01-28 01:54:00,071 - INFO - Code 684350 for Paweł Olechowski is already up to date (skipped)
2026-01-28 01:54:00,441 - INFO - Code 684351 for Vasyl Samokhin is already up to date (skipped)
2026-01-28 01:54:00,808 - INFO - Code 684352 for Denys Niiachenko is already up to date (skipped)
2026-01-28 01:54:01,051 - INFO - Code 684353 for Яна Лунгул is already up to date (skipped)
2026-01-28 01:54:01,300 - INFO - Code 684424 for Izotov Sergiy is already up to date (skipped)
2026-01-28 01:54:01,586 - INFO - Code 684355 for Ievgen Babaian is already up to date (skipped)
2026-01-28 01:54:01,848 - INFO - Code 684354 for Oleh Orlov is already up to date (skipped)
2026-01-28 01:54:02,100 - INFO - Code 684153 for Lara Leitow is already up to date (skipped)
2026-01-28 01:54:02,340 - INFO - Code 684421 for Łukasz Troszczyński is already up to date (skipped)
2026-01-28 01:54:02,604 - INFO - Code 684379 for Bartosz Lipertowicz is already up to date (skipped)
2026-01-28 01:54:02,828 - INFO - Code 684202 for Amrei Schulz is already up to date (skipped)
2026-01-28 01:54:03,066 - INFO - Code 683710 for Prestynska Iryna is already up to date (skipped)
2026-01-28 01:54:03,276 - INFO - Code 684415 for Hanna Barkovska is already up to date (skipped)
2026-01-28 01:54:03,504 - INFO - Code 684165 for Zuzanna Kuca is already up to date (skipped)
2026-01-28 01:54:03,754 - INFO - Code 684118 for Sylwia Lesiuk is already up to date (skipped)
2026-01-28 01:54:03,974 - INFO - Code 684357 for Katarzyna Ludwicka is already up to date (skipped)
2026-01-28 01:54:04,210 - INFO - Code 684381 for Ewa Mrowiec is already up to date (skipped)
2026-01-28 01:54:04,448 - INFO - Code 684359 for Weronika Stabrawa-Wolak is already up to date (skipped)
2026-01-28 01:54:04,673 - INFO - Code 684358 for Irena Dołyk is already up to date (skipped)
2026-01-28 01:54:04,901 - INFO - Code 684423 for Adrian Gatzschmann is already up to date (skipped)
2026-01-28 01:54:05,131 - INFO - Code 684425 for Paulina Bendyk is already up to date (skipped)
2026-01-28 01:54:05,346 - INFO - Code 684360 for Anna Dedowets is already up to date (skipped)
2026-01-28 01:54:05,580 - INFO - Code 684361 for Katarzyna Sudaj is already up to date (skipped)
2026-01-28 01:54:05,824 - INFO - Code 684362 for Natalia Raszkiewicz is already up to date (skipped)
2026-01-28 01:54:06,052 - INFO - Code 684363 for Max Gerte is already up to date (skipped)
2026-01-28 01:54:06,260 - INFO - Code 684422 for Marlena Biernacka is already up to date (skipped)
2026-01-28 01:54:06,260 - INFO - [OK] Synced 29/29 bookings
2026-01-28 01:54:08,187 - INFO - ======================================================================
2026-01-28 01:54:08,187 - INFO - Synchronization complete!
2026-01-28 01:54:08,188 - INFO - ======================================================================
